[35m[1mScanning dependencies of target _util_msgs_generate_messages_check_deps_trajectory[0m
[35m[1mScanning dependencies of target std_msgs_generate_messages_nodejs[0m
[35m[1mScanning dependencies of target sensor_msgs_generate_messages_lisp[0m
[35m[1mScanning dependencies of target geometry_msgs_generate_messages_eus[0m
[35m[1mScanning dependencies of target std_msgs_generate_messages_lisp[0m
[35m[1mScanning dependencies of target geometry_msgs_generate_messages_nodejs[0m
[35m[1mScanning dependencies of target sensor_msgs_generate_messages_nodejs[0m
[35m[1mScanning dependencies of target geometry_msgs_generate_messages_py[0m
[35m[1mScanning dependencies of target std_msgs_generate_messages_cpp[0m
[35m[1mScanning dependencies of target geometry_msgs_generate_messages_lisp[0m
[35m[1mScanning dependencies of target sensor_msgs_generate_messages_py[0m
[35m[1mScanning dependencies of target sensor_msgs_generate_messages_cpp[0m
[35m[1mScanning dependencies of target std_msgs_generate_messages_py[0m
[35m[1mScanning dependencies of target sensor_msgs_generate_messages_eus[0m
[35m[1mScanning dependencies of target std_msgs_generate_messages_eus[0m
[35m[1mScanning dependencies of target geometry_msgs_generate_messages_cpp[0m
[  0%] Built target geometry_msgs_generate_messages_lisp
[  0%] Built target std_msgs_generate_messages_lisp
[  0%] Built target sensor_msgs_generate_messages_nodejs
[  0%] Built target std_msgs_generate_messages_cpp
[  0%] Built target geometry_msgs_generate_messages_eus
[  0%] Built target geometry_msgs_generate_messages_py
[  0%] Built target sensor_msgs_generate_messages_lisp
[  0%] Built target geometry_msgs_generate_messages_nodejs
[  0%] Built target std_msgs_generate_messages_nodejs
[  0%] Built target sensor_msgs_generate_messages_py
[  0%] Built target std_msgs_generate_messages_eus
[  0%] Built target sensor_msgs_generate_messages_eus
[  0%] Built target sensor_msgs_generate_messages_cpp
[  0%] Built target std_msgs_generate_messages_py
[  0%] Built target geometry_msgs_generate_messages_cpp
[  0%] Built target _util_msgs_generate_messages_check_deps_trajectory
[35m[1mScanning dependencies of target util_msgs_generate_messages_lisp[0m
[35m[1mScanning dependencies of target util_msgs_generate_messages_nodejs[0m
[35m[1mScanning dependencies of target util_msgs_generate_messages_cpp[0m
[35m[1mScanning dependencies of target util_msgs_generate_messages_py[0m
[35m[1mScanning dependencies of target util_msgs_generate_messages_eus[0m
[ 42%] [34m[1mGenerating Python from MSG util_msgs/trajectory[0m
[ 57%] [34m[1mGenerating Javascript code from util_msgs/trajectory.msg[0m
[ 42%] [34m[1mGenerating EusLisp manifest code for util_msgs[0m
[ 57%] [34m[1mGenerating Lisp code from util_msgs/trajectory.msg[0m
[ 71%] [34m[1mGenerating EusLisp code from util_msgs/trajectory.msg[0m
[ 85%] [34m[1mGenerating C++ code from util_msgs/trajectory.msg[0m
[ 85%] Built target util_msgs_generate_messages_lisp
[ 85%] Built target util_msgs_generate_messages_nodejs
[ 85%] Built target util_msgs_generate_messages_cpp
[100%] [34m[1mGenerating Python msg __init__.py for util_msgs[0m
[100%] Built target util_msgs_generate_messages_py
WARNING: Package name "eSeries_UR16e_15012020_URDF_ONLY" does not follow the naming conventions. It should start with a lower case letter and only contain lower case letters, digits, underscores, and dashes.
WARNING: Package name "eSeries_UR16e_15012020_URDF_ONLY" does not follow the naming conventions. It should start with a lower case letter and only contain lower case letters, digits, underscores, and dashes.
[100%] Built target util_msgs_generate_messages_eus
[35m[1mScanning dependencies of target util_msgs_generate_messages[0m
[100%] Built target util_msgs_generate_messages
